c:\users\alper\desktop\opengl\bezıerrenderer\bezıerrenderer\debug\vc141.pdb
c:\users\alper\desktop\opengl\bezıerrenderer\bezıerrenderer\debug\vc141.ıdb
c:\users\alper\desktop\opengl\bezıerrenderer\bezıerrenderer\debug\applıcatıon.obj
c:\users\alper\desktop\opengl\bezıerrenderer\bezıerrenderer\debug\ındexbuffer.obj
c:\users\alper\desktop\opengl\bezıerrenderer\bezıerrenderer\debug\renderer.obj
c:\users\alper\desktop\opengl\bezıerrenderer\bezıerrenderer\debug\shader.obj
c:\users\alper\desktop\opengl\bezıerrenderer\bezıerrenderer\debug\texture.obj
c:\users\alper\desktop\opengl\bezıerrenderer\bezıerrenderer\debug\vertexarray.obj
c:\users\alper\desktop\opengl\bezıerrenderer\bezıerrenderer\debug\vertexbuffer.obj
c:\users\alper\desktop\opengl\bezıerrenderer\bezıerrenderer\debug\glm.obj
c:\users\alper\desktop\opengl\bezıerrenderer\bezıerrenderer\debug\ımguı.obj
c:\users\alper\desktop\opengl\bezıerrenderer\bezıerrenderer\debug\ımguı_demo.obj
c:\users\alper\desktop\opengl\bezıerrenderer\bezıerrenderer\debug\ımguı_draw.obj
c:\users\alper\desktop\opengl\bezıerrenderer\bezıerrenderer\debug\ımguı_ımpl_glfw_gl3.obj
c:\users\alper\desktop\opengl\bezıerrenderer\bezıerrenderer\debug\stb_ımage.obj
c:\users\alper\desktop\opengl\bezıerrenderer\bezıerrenderer\debug\vertex.obj
c:\users\alper\desktop\opengl\bezıerrenderer\bezıerrenderer\debug\bezıersurface.obj
c:\users\alper\desktop\opengl\bezıerrenderer\debug\bezıerrenderer.ılk
c:\users\alper\desktop\opengl\bezıerrenderer\debug\bezıerrenderer.exe
c:\users\alper\desktop\opengl\bezıerrenderer\debug\bezıerrenderer.pdb
c:\users\alper\desktop\opengl\bezierrenderer\bezierrenderer\debug\application.obj
c:\users\alper\desktop\opengl\bezierrenderer\bezierrenderer\debug\beziersurface.obj
c:\users\alper\desktop\opengl\bezierrenderer\bezierrenderer\debug\glm.obj
c:\users\alper\desktop\opengl\bezierrenderer\bezierrenderer\debug\imgui.obj
c:\users\alper\desktop\opengl\bezierrenderer\bezierrenderer\debug\imgui_demo.obj
c:\users\alper\desktop\opengl\bezierrenderer\bezierrenderer\debug\imgui_draw.obj
c:\users\alper\desktop\opengl\bezierrenderer\bezierrenderer\debug\imgui_impl_glfw_gl3.obj
c:\users\alper\desktop\opengl\bezierrenderer\bezierrenderer\debug\ındexbuffer.obj
c:\users\alper\desktop\opengl\bezierrenderer\bezierrenderer\debug\renderer.obj
c:\users\alper\desktop\opengl\bezierrenderer\bezierrenderer\debug\shader.obj
c:\users\alper\desktop\opengl\bezierrenderer\bezierrenderer\debug\stb_image.obj
c:\users\alper\desktop\opengl\bezierrenderer\bezierrenderer\debug\texture.obj
c:\users\alper\desktop\opengl\bezierrenderer\bezierrenderer\debug\vertex.obj
c:\users\alper\desktop\opengl\bezierrenderer\bezierrenderer\debug\vertexarray.obj
c:\users\alper\desktop\opengl\bezierrenderer\bezierrenderer\debug\vertexbuffer.obj
c:\users\alper\desktop\opengl\bezierrenderer\bezierrenderer\debug\vc141.idb
c:\users\alper\desktop\opengl\bezierrenderer\bezierrenderer\debug\vc141.pdb
c:\users\alper\desktop\opengl\bezierrenderer\debug\bezierrenderer.pdb
c:\users\alper\desktop\opengl\bezierrenderer\debug\bezierrenderer.exe
c:\users\alper\desktop\opengl\bezierrenderer\debug\bezierrenderer.ilk
c:\users\alper\desktop\opengl\bezierrenderer\bezierrenderer\debug\bezierrenderer.tlog\cl.command.1.tlog
c:\users\alper\desktop\opengl\bezierrenderer\bezierrenderer\debug\bezierrenderer.tlog\cl.read.1.tlog
c:\users\alper\desktop\opengl\bezierrenderer\bezierrenderer\debug\bezierrenderer.tlog\cl.write.1.tlog
c:\users\alper\desktop\opengl\bezierrenderer\bezierrenderer\debug\bezierrenderer.tlog\link.command.1.tlog
c:\users\alper\desktop\opengl\bezierrenderer\bezierrenderer\debug\bezierrenderer.tlog\link.read.1.tlog
c:\users\alper\desktop\opengl\bezierrenderer\bezierrenderer\debug\bezierrenderer.tlog\link.write.1.tlog
